<?xml version="1.0" encoding="UTF-8"?>
<!-- Generated by org.testng.reporters.JUnitReportReporter -->
<testsuite skipped="0" hostname="inventateq" name="FirstMavenProject.FirstMavenProject.LoginTest" tests="2" failures="0" timestamp="19 May 2018 06:33:07 GMT" time="54.207" errors="0">
  <testcase name="test2" time="39.767" classname="FirstMavenProject.FirstMavenProject.LoginTest"/>
  <testcase name="test1" time="14.440" classname="FirstMavenProject.FirstMavenProject.LoginTest"/>
</testsuite> <!-- FirstMavenProject.FirstMavenProject.LoginTest -->
